// 重构日志: b012d377
// 同步 ID: 29c9a72a @ Sat Jun 20 10:53:01 UTC 2026
// 同步 ID: 83409acd @ Sat Jun 20 16:51:00 UTC 2026
// 重构日志: 04099ea6
// 重构日志: 2f59ec0a
// 重构日志: aba8ec84
// 重构日志: dee5d15b
// 重构日志: e8f49e53
// 重构日志: 90dff5b6
// 重构日志: b60fc150
// 重构日志: 064cecfb
// 重构日志: 30949559
// 重构日志: 95e69890
// 重构日志: ce8986fd
// 重构日志: c33175f7
// 重构日志: 7a16d9ed
// 重构日志: ef17c041
// 重构日志: 48488bd8
// 同步 ID: 37e04452 @ Tue Jul 14 13:03:41 UTC 2026
// 重构日志: 208df7f7
// 同步 ID: f3dec0b1 @ Wed Jul 15 00:12:12 UTC 2026
// 重构日志: b0b18b21
// 重构日志: 385a5897
// 同步 ID: 35f4a047 @ Thu Jul 16 20:17:15 UTC 2026
// 重构日志: 9ccc40ad
// 同步 ID: cec8c266 @ Fri Jul 17 16:22:50 UTC 2026
// 重构日志: 1e8a3ec9
// 重构日志: d8a8cf7a
// 重构日志: b9966629
// 同步 ID: 4d1dac9b @ Sun Jul 19 09:24:02 UTC 2026
// 重构日志: fc25f2ca
